#
# There is insufficient memory for the Java Runtime Environment to continue.
# Native memory allocation (malloc) failed to allocate 188256 bytes for Chunk::new
# Possible reasons:
#   The system is out of physical RAM or swap space
#   The process is running with CompressedOops enabled, and the Java Heap may be blocking the growth of the native heap
# Possible solutions:
#   Reduce memory load on the system
#   Increase physical memory or swap space
#   Check if swap backing store is full
#   Decrease Java heap size (-Xmx/-Xms)
#   Decrease number of Java threads
#   Decrease Java thread stack sizes (-Xss)
#   Set larger code cache with -XX:ReservedCodeCacheSize=
#   JVM is running with Unscaled Compressed Oops mode in which the Java heap is
#     placed in the first 4GB address space. The Java Heap base address is the
#     maximum limit for the native heap growth. Please use -XX:HeapBaseMinAddress
#     to set the Java Heap base and to place the Java Heap above 4GB virtual address.
# This output file may be truncated or incomplete.
#
#  Out of Memory Error (./open/src/hotspot/share/memory/arena.cpp:195), pid=11924, tid=11124
#
# JRE version: Java(TM) SE Runtime Environment (14.0.2+12) (build 14.0.2+12-46)
# Java VM: Java HotSpot(TM) 64-Bit Server VM (14.0.2+12-46, mixed mode, sharing, tiered, compressed oops, g1 gc, windows-amd64)
# No core dump will be written. Minidumps are not enabled by default on client versions of Windows
#

---------------  S U M M A R Y ------------

Command Line: -Dfile.encoding=UTF-8 -XX:+ShowCodeDetailsInExceptionMessages seleniumbasic.AlretDemo1

Host: Intel(R) Core(TM) i3-2328M CPU @ 2.20GHz, 4 cores, 3G,  Windows 8 , 64 bit Build 9200 (6.2.9200.16859)
Time: Mon Nov 15 18:02:58 2021 India Standard Time elapsed time: 2 seconds (0d 0h 0m 2s)

---------------  T H R E A D  ---------------

Current thread (0x000000792558c800):  JavaThread "C2 CompilerThread0" daemon [_thread_in_native, id=11124, stack(0x00000079265e0000,0x00000079266e0000)]


Current CompileTask:
C2:   2915 1516  s!   4       jdk.internal.loader.URLClassPath::getLoader (194 bytes)

Stack: [0x00000079265e0000,0x00000079266e0000]
Native frames: (J=compiled Java code, j=interpreted, Vv=VM code, C=native code)
V  [jvm.dll+0x5f8a9a]
V  [jvm.dll+0x74247a]
V  [jvm.dll+0x743c2f]
V  [jvm.dll+0x744273]
V  [jvm.dll+0x20d288]
V  [jvm.dll+0xabb07]
V  [jvm.dll+0xac1fc]
V  [jvm.dll+0x276db4]
V  [jvm.dll+0x50cffa]
V  [jvm.dll+0x1ee036]
V  [jvm.dll+0x1e752d]
V  [jvm.dll+0x1e4f98]
V  [jvm.dll+0x1779cc]
V  [jvm.dll+0x1f4105]
V  [jvm.dll+0x1f22eb]
V  [jvm.dll+0x7070cd]
V  [jvm.dll+0x6ffeda]
V  [jvm.dll+0x5f78f6]
C  [ucrtbase.DLL+0x203ba]
C  [KERNEL32.DLL+0x1842]
C  [ntdll.dll+0x3df11]


---------------  P R O C E S S  ---------------

Threads class SMR info:
_java_thread_list=0x0000007927b82930, length=18, elements={
0x0000007908c90800, 0x0000007925562800, 0x0000007925563800, 0x000000792557a800,
0x000000792557b000, 0x000000792557c000, 0x000000792558c800, 0x00000079255b1000,
0x00000079255ba000, 0x00000079269dd800, 0x00000079269e0800, 0x00000079269de000,
0x00000079269df000, 0x00000079269e0000, 0x00000079269da000, 0x00000079269db000,
0x00000079269dc000, 0x00000079269dc800
}

Java Threads: ( => current thread )
  0x0000007908c90800 JavaThread "Forwarding newSession on session null to remote" [_thread_in_native, id=11296, stack(0x0000007908340000,0x0000007908440000)]
  0x0000007925562800 JavaThread "Reference Handler" daemon [_thread_blocked, id=11228, stack(0x0000007925ef0000,0x0000007925ff0000)]
  0x0000007925563800 JavaThread "Finalizer" daemon [_thread_blocked, id=11744, stack(0x0000007925ff0000,0x00000079260f0000)]
  0x000000792557a800 JavaThread "Signal Dispatcher" daemon [_thread_blocked, id=11184, stack(0x00000079262e0000,0x00000079263e0000)]
  0x000000792557b000 JavaThread "Attach Listener" daemon [_thread_blocked, id=10484, stack(0x00000079263e0000,0x00000079264e0000)]
  0x000000792557c000 JavaThread "Service Thread" daemon [_thread_blocked, id=2028, stack(0x00000079264e0000,0x00000079265e0000)]
=>0x000000792558c800 JavaThread "C2 CompilerThread0" daemon [_thread_in_native, id=11124, stack(0x00000079265e0000,0x00000079266e0000)]
  0x00000079255b1000 JavaThread "C1 CompilerThread0" daemon [_thread_blocked, id=12276, stack(0x00000079266e0000,0x00000079267e0000)]
  0x00000079255ba000 JavaThread "Sweeper thread" daemon [_thread_blocked, id=8188, stack(0x00000079267e0000,0x00000079268e0000)]
  0x00000079269dd800 JavaThread "Notification Thread" daemon [_thread_blocked, id=11000, stack(0x0000007926ce0000,0x0000007926de0000)]
  0x00000079269e0800 JavaThread "Common-Cleaner" daemon [_thread_blocked, id=12000, stack(0x0000007926ee0000,0x0000007926fe0000)]
  0x00000079269de000 JavaThread "Exec Default Executor" daemon [_thread_in_native, id=11036, stack(0x00000079289b0000,0x0000007928ab0000)]
  0x00000079269df000 JavaThread "UrlChecker-2" daemon [_thread_blocked, id=5752, stack(0x0000007928ab0000,0x0000007928bb0000)]
  0x00000079269e0000 JavaThread "Exec Stream Pumper" daemon [_thread_in_native, id=4608, stack(0x0000007928bb0000,0x0000007928cb0000)]
  0x00000079269da000 JavaThread "Exec Stream Pumper" daemon [_thread_in_native, id=12008, stack(0x0000007928cb0000,0x0000007928db0000)]
  0x00000079269db000 JavaThread "Keep-Alive-Timer" daemon [_thread_blocked, id=9700, stack(0x0000007928eb0000,0x0000007928fb0000)]
  0x00000079269dc000 JavaThread "OkHttp ConnectionPool" daemon [_thread_blocked, id=9504, stack(0x0000007929ab0000,0x0000007929bb0000)]
  0x00000079269dc800 JavaThread "Okio Watchdog" daemon [_thread_blocked, id=9160, stack(0x0000007929bb0000,0x0000007929cb0000)]

Other Threads:
  0x000000792555d800 VMThread "VM Thread" [stack: 0x0000007925df0000,0x0000007925ef0000] [id=11160]
  0x00000079269e8800 WatcherThread [stack: 0x0000007926de0000,0x0000007926ee0000] [id=2504]
  0x0000007908cbe000 GCTaskThread "GC Thread#0" [stack: 0x0000007922aa0000,0x0000007922ba0000] [id=10544]
  0x0000007927047000 GCTaskThread "GC Thread#1" [stack: 0x00000079277e0000,0x00000079278e0000] [id=11676]
  0x0000007908cc8800 ConcurrentGCThread "G1 Main Marker" [stack: 0x0000007922ba0000,0x0000007922ca0000] [id=11380]
  0x0000007908ccb000 ConcurrentGCThread "G1 Conc#0" [stack: 0x0000007922ca0000,0x0000007922da0000] [id=92]
  0x0000007908d15000 ConcurrentGCThread "G1 Refine#0" [stack: 0x00000079251f0000,0x00000079252f0000] [id=11164]
  0x0000007908d18000 ConcurrentGCThread "G1 Young RemSet Sampling" [stack: 0x00000079252f0000,0x00000079253f0000] [id=11052]

Threads with active compile tasks:
C2 CompilerThread0     3295 1516  s!   4       jdk.internal.loader.URLClassPath::getLoader (194 bytes)

VM state:not at safepoint (normal execution)

VM Mutex/Monitor currently owned by a thread: None

Heap address: 0x00000000c2e00000, size: 978 MB, Compressed Oops mode: 32-bit
Narrow klass base: 0x0000000800000000, Narrow klass shift: 3
Compressed class space size: 1073741824 Address: 0x0000000800b30000

Heap:
 garbage-first heap   total 30720K, used 14973K [0x00000000c2e00000, 0x0000000100000000)
  region size 1024K, 10 young (10240K), 2 survivors (2048K)
 Metaspace       used 11739K, capacity 12183K, committed 12416K, reserved 1067008K
  class space    used 1399K, capacity 1562K, committed 1664K, reserved 1048576K
Heap Regions: E=young(eden), S=young(survivor), O=old, HS=humongous(starts), HC=humongous(continues), CS=collection set, F=free, OA=open archive, CA=closed archive, TAMS=top-at-mark-start (previous, next)
|   0|0x00000000c2e00000, 0x00000000c2f00000, 0x00000000c2f00000|100%| O|  |TAMS 0x00000000c2f00000, 0x00000000c2e00000| Untracked 
|   1|0x00000000c2f00000, 0x00000000c3000000, 0x00000000c3000000|100%| O|  |TAMS 0x00000000c3000000, 0x00000000c2f00000| Untracked 
|   2|0x00000000c3000000, 0x00000000c3100000, 0x00000000c3100000|100%| O|  |TAMS 0x00000000c3100000, 0x00000000c3000000| Untracked 
|   3|0x00000000c3100000, 0x00000000c3200000, 0x00000000c3200000|100%| O|  |TAMS 0x00000000c31eac00, 0x00000000c3100000| Untracked 
|   4|0x00000000c3200000, 0x00000000c3300000, 0x00000000c3300000|100%| O|  |TAMS 0x00000000c3200000, 0x00000000c3200000| Untracked 
|   5|0x00000000c3300000, 0x00000000c3400000, 0x00000000c3400000|100%| O|  |TAMS 0x00000000c3300000, 0x00000000c3300000| Untracked 
|   6|0x00000000c3400000, 0x00000000c3400000, 0x00000000c3500000|  0%| F|  |TAMS 0x00000000c3400000, 0x00000000c3400000| Untracked 
|   7|0x00000000c3500000, 0x00000000c3500000, 0x00000000c3600000|  0%| F|  |TAMS 0x00000000c3500000, 0x00000000c3500000| Untracked 
|   8|0x00000000c3600000, 0x00000000c3600000, 0x00000000c3700000|  0%| F|  |TAMS 0x00000000c3600000, 0x00000000c3600000| Untracked 
|   9|0x00000000c3700000, 0x00000000c3700000, 0x00000000c3800000|  0%| F|  |TAMS 0x00000000c3700000, 0x00000000c3700000| Untracked 
|  10|0x00000000c3800000, 0x00000000c3800000, 0x00000000c3900000|  0%| F|  |TAMS 0x00000000c3800000, 0x00000000c3800000| Untracked 
|  11|0x00000000c3900000, 0x00000000c3900000, 0x00000000c3a00000|  0%| F|  |TAMS 0x00000000c3900000, 0x00000000c3900000| Untracked 
|  12|0x00000000c3a00000, 0x00000000c3a00000, 0x00000000c3b00000|  0%| F|  |TAMS 0x00000000c3a00000, 0x00000000c3a00000| Untracked 
|  13|0x00000000c3b00000, 0x00000000c3b00000, 0x00000000c3c00000|  0%| F|  |TAMS 0x00000000c3b00000, 0x00000000c3b00000| Untracked 
|  14|0x00000000c3c00000, 0x00000000c3c00000, 0x00000000c3d00000|  0%| F|  |TAMS 0x00000000c3c00000, 0x00000000c3c00000| Untracked 
|  15|0x00000000c3d00000, 0x00000000c3d00000, 0x00000000c3e00000|  0%| F|  |TAMS 0x00000000c3d00000, 0x00000000c3d00000| Untracked 
|  16|0x00000000c3e00000, 0x00000000c3e00000, 0x00000000c3f00000|  0%| F|  |TAMS 0x00000000c3e00000, 0x00000000c3e00000| Untracked 
|  17|0x00000000c3f00000, 0x00000000c3f00000, 0x00000000c4000000|  0%| F|  |TAMS 0x00000000c3f00000, 0x00000000c3f00000| Untracked 
|  18|0x00000000c4000000, 0x00000000c4000000, 0x00000000c4100000|  0%| F|  |TAMS 0x00000000c4000000, 0x00000000c4000000| Untracked 
|  19|0x00000000c4100000, 0x00000000c4100000, 0x00000000c4200000|  0%| F|  |TAMS 0x00000000c4100000, 0x00000000c4100000| Untracked 
|  20|0x00000000c4200000, 0x00000000c4300000, 0x00000000c4300000|100%| E|  |TAMS 0x00000000c4200000, 0x00000000c4200000| Complete 
|  21|0x00000000c4300000, 0x00000000c4400000, 0x00000000c4400000|100%| E|CS|TAMS 0x00000000c4300000, 0x00000000c4300000| Complete 
|  22|0x00000000c4400000, 0x00000000c4500000, 0x00000000c4500000|100%| E|CS|TAMS 0x00000000c4400000, 0x00000000c4400000| Complete 
|  23|0x00000000c4500000, 0x00000000c4600000, 0x00000000c4600000|100%| E|CS|TAMS 0x00000000c4500000, 0x00000000c4500000| Complete 
|  24|0x00000000c4600000, 0x00000000c4700000, 0x00000000c4700000|100%| E|CS|TAMS 0x00000000c4600000, 0x00000000c4600000| Complete 
|  25|0x00000000c4700000, 0x00000000c4800000, 0x00000000c4800000|100%| E|CS|TAMS 0x00000000c4700000, 0x00000000c4700000| Complete 
|  26|0x00000000c4800000, 0x00000000c4900000, 0x00000000c4900000|100%| E|CS|TAMS 0x00000000c4800000, 0x00000000c4800000| Complete 
|  44|0x00000000c5a00000, 0x00000000c5a9f400, 0x00000000c5b00000| 62%| S|CS|TAMS 0x00000000c5a00000, 0x00000000c5a00000| Complete 
|  47|0x00000000c5d00000, 0x00000000c5e00000, 0x00000000c5e00000|100%| S|CS|TAMS 0x00000000c5d00000, 0x00000000c5d00000| Complete 
|  61|0x00000000c6b00000, 0x00000000c6c00000, 0x00000000c6c00000|100%| E|CS|TAMS 0x00000000c6b00000, 0x00000000c6b00000| Complete 

Card table byte_map: [0x0000007920820000,0x0000007920a10000] _byte_map_base: 0x0000007920209000

Marking Bits (Prev, Next): (CMBitMap*) 0x0000007908cbefa8, (CMBitMap*) 0x0000007908cbef68
 Prev Bits: [0x0000007921b50000, 0x0000007922a98000)
 Next Bits: [0x0000007920c00000, 0x0000007921b48000)

Polling page: 0x0000007906d90000

Metaspace:

Usage:
  Non-class:     10.37 MB capacity,    10.10 MB ( 97%) used,   242.18 KB (  2%) free+waste,    38.69 KB ( <1%) overhead. 
      Class:      1.53 MB capacity,     1.37 MB ( 90%) used,   141.57 KB (  9%) free+waste,    20.63 KB (  1%) overhead. 
       Both:     11.90 MB capacity,    11.46 MB ( 96%) used,   383.75 KB (  3%) free+waste,    59.31 KB ( <1%) overhead. 

Virtual space:
  Non-class space:       18.00 MB reserved,      10.50 MB ( 58%) committed 
      Class space:        1.00 GB reserved,       1.63 MB ( <1%) committed 
             Both:        1.02 GB reserved,      12.13 MB (  1%) committed 

Chunk freelists:
   Non-Class:  3.00 KB
       Class:  6.00 KB
        Both:  9.00 KB

MaxMetaspaceSize: 17179869184.00 GB
CompressedClassSpaceSize: 1.00 GB

CodeHeap 'non-profiled nmethods': size=120000Kb used=589Kb max_used=589Kb free=119410Kb
 bounds [0x0000007918ee0000, 0x0000007919150000, 0x0000007920410000]
CodeHeap 'profiled nmethods': size=120000Kb used=3633Kb max_used=3633Kb free=116366Kb
 bounds [0x00000079119b0000, 0x0000007911d40000, 0x0000007918ee0000]
CodeHeap 'non-nmethods': size=5760Kb used=1213Kb max_used=1213Kb free=4546Kb
 bounds [0x0000007911410000, 0x0000007911680000, 0x00000079119b0000]
 total_blobs=2186 nmethods=1706 adapters=393
 compilation: enabled
              stopped_count=0, restarted_count=0
 full_count=0

Compilation events (20 events):
Event: 2.822 Thread 0x00000079255b1000 1557       1       jdk.internal.reflect.NativeConstructorAccessorImpl::setParent (6 bytes)
Event: 2.822 Thread 0x00000079255b1000 nmethod 1557 0x0000007918f6e810 code [0x0000007918f6e9a0, 0x0000007918f6eab8]
Event: 2.822 Thread 0x00000079255b1000 1560       1       jdk.internal.org.objectweb.asm.SymbolTable::getConstantPoolCount (5 bytes)
Event: 2.822 Thread 0x00000079255b1000 nmethod 1560 0x0000007918f6eb10 code [0x0000007918f6eca0, 0x0000007918f6ed78]
Event: 2.822 Thread 0x00000079255b1000 1561       3       jdk.internal.reflect.ReflectionFactory::inflationThreshold (4 bytes)
Event: 2.822 Thread 0x00000079255b1000 nmethod 1561 0x0000007911cd8d10 code [0x0000007911cd8ea0, 0x0000007911cd8f98]
Event: 2.828 Thread 0x00000079255b1000 1562       3       jdk.internal.org.objectweb.asm.SymbolTable::addConstantNameAndType (137 bytes)
Event: 2.829 Thread 0x00000079255b1000 nmethod 1562 0x0000007911cd9010 code [0x0000007911cd9260, 0x0000007911cd9a48]
Event: 2.829 Thread 0x00000079255b1000 1564       3       java.lang.invoke.LambdaForm::internArgument (85 bytes)
Event: 2.830 Thread 0x00000079255b1000 nmethod 1564 0x0000007911cd9e90 code [0x0000007911cda060, 0x0000007911cda408]
Event: 2.830 Thread 0x00000079255b1000 1565       3       java.lang.invoke.AbstractValidatingLambdaMetafactory::isAdaptableTo (126 bytes)
Event: 2.831 Thread 0x00000079255b1000 nmethod 1565 0x0000007911cda610 code [0x0000007911cda880, 0x0000007911cdb268]
Event: 2.831 Thread 0x00000079255b1000 1566       3       jdk.internal.org.objectweb.asm.MethodWriter::visitCode (1 bytes)
Event: 2.831 Thread 0x00000079255b1000 nmethod 1566 0x0000007911cdb610 code [0x0000007911cdb7a0, 0x0000007911cdb8b8]
Event: 2.833 Thread 0x00000079255b1000 1567       3       jdk.internal.reflect.NativeConstructorAccessorImpl::newInstance (89 bytes)
Event: 2.835 Thread 0x00000079255b1000 nmethod 1567 0x0000007911cdb990 code [0x0000007911cdbc20, 0x0000007911cdcb58]
Event: 2.836 Thread 0x00000079255b1000 1569       3       java.lang.invoke.MethodHandleNatives::isCallerSensitive (29 bytes)
Event: 2.837 Thread 0x00000079255b1000 nmethod 1569 0x0000007911cdd010 code [0x0000007911cdd200, 0x0000007911cdd768]
Event: 2.837 Thread 0x00000079255b1000 1570       3       java.lang.invoke.MethodHandleNatives::canBeCalledVirtual (94 bytes)
Event: 2.838 Thread 0x00000079255b1000 nmethod 1570 0x0000007911cdd910 code [0x0000007911cddb20, 0x0000007911cde098]

GC Heap History (4 events):
Event: 0.694 GC heap before
{Heap before GC invocations=0 (full 0):
 garbage-first heap   total 63488K, used 12288K [0x00000000c2e00000, 0x0000000100000000)
  region size 1024K, 13 young (13312K), 0 survivors (0K)
 Metaspace       used 2690K, capacity 5140K, committed 5376K, reserved 1056768K
  class space    used 264K, capacity 474K, committed 512K, reserved 1048576K
}
Event: 0.701 GC heap after
{Heap after GC invocations=1 (full 0):
 garbage-first heap   total 63488K, used 3381K [0x00000000c2e00000, 0x0000000100000000)
  region size 1024K, 2 young (2048K), 2 survivors (2048K)
 Metaspace       used 2690K, capacity 5140K, committed 5376K, reserved 1056768K
  class space    used 264K, capacity 474K, committed 512K, reserved 1048576K
}
Event: 1.406 GC heap before
{Heap before GC invocations=1 (full 0):
 garbage-first heap   total 63488K, used 16693K [0x00000000c2e00000, 0x0000000100000000)
  region size 1024K, 15 young (15360K), 2 survivors (2048K)
 Metaspace       used 5448K, capacity 5995K, committed 6144K, reserved 1056768K
  class space    used 592K, capacity 684K, committed 768K, reserved 1048576K
}
Event: 1.419 GC heap after
{Heap after GC invocations=2 (full 0):
 garbage-first heap   total 63488K, used 6059K [0x00000000c2e00000, 0x0000000100000000)
  region size 1024K, 2 young (2048K), 2 survivors (2048K)
 Metaspace       used 5448K, capacity 5995K, committed 6144K, reserved 1056768K
  class space    used 592K, capacity 684K, committed 768K, reserved 1048576K
}

Deoptimization events (20 events):
Event: 1.966 Thread 0x0000007908c90800 DEOPT PACKING pc=0x0000007918f4be94 sp=0x000000790843e500
Event: 1.966 Thread 0x0000007908c90800 DEOPT UNPACKING pc=0x000000791145912f sp=0x000000790843e468 mode 2
Event: 1.966 Thread 0x0000007908c90800 Uncommon trap: trap_request=0xffffff45 fr.pc=0x0000007918f2e5a8 relative=0x0000000000000be8
Event: 1.966 Thread 0x0000007908c90800 Uncommon trap: reason=unstable_if action=reinterpret pc=0x0000007918f2e5a8 method=java.util.Properties$LineReader.readLine()I @ 256 c2
Event: 1.966 Thread 0x0000007908c90800 DEOPT PACKING pc=0x0000007918f2e5a8 sp=0x000000790843e4d0
Event: 1.966 Thread 0x0000007908c90800 DEOPT UNPACKING pc=0x000000791145912f sp=0x000000790843e468 mode 2
Event: 2.000 Thread 0x0000007908c90800 Uncommon trap: trap_request=0xffffff45 fr.pc=0x0000007918f4acec relative=0x000000000000010c
Event: 2.000 Thread 0x0000007908c90800 Uncommon trap: reason=unstable_if action=reinterpret pc=0x0000007918f4acec method=java.lang.CharacterDataLatin1.digit(II)I @ 12 c2
Event: 2.000 Thread 0x0000007908c90800 DEOPT PACKING pc=0x0000007918f4acec sp=0x000000790843eff0
Event: 2.000 Thread 0x0000007908c90800 DEOPT UNPACKING pc=0x000000791145912f sp=0x000000790843eea8 mode 2
Event: 2.045 Thread 0x0000007908c90800 DEOPT PACKING pc=0x00000079119e713b sp=0x0000007908439820
Event: 2.045 Thread 0x0000007908c90800 DEOPT UNPACKING pc=0x000000791145964e sp=0x0000007908438c98 mode 0
Event: 2.119 Thread 0x0000007908c90800 Uncommon trap: trap_request=0xffffff45 fr.pc=0x0000007918f03920 relative=0x0000000000000260
Event: 2.119 Thread 0x0000007908c90800 Uncommon trap: reason=unstable_if action=reinterpret pc=0x0000007918f03920 method=java.io.ByteArrayInputStream.read()I @ 8 c2
Event: 2.119 Thread 0x0000007908c90800 DEOPT PACKING pc=0x0000007918f03920 sp=0x000000790843cd50
Event: 2.119 Thread 0x0000007908c90800 DEOPT UNPACKING pc=0x000000791145912f sp=0x000000790843cd08 mode 2
Event: 2.199 Thread 0x00000079269df000 Uncommon trap: trap_request=0xffffff45 fr.pc=0x0000007918f573ec relative=0x000000000000010c
Event: 2.199 Thread 0x00000079269df000 Uncommon trap: reason=unstable_if action=reinterpret pc=0x0000007918f573ec method=java.lang.CharacterDataLatin1.digit(II)I @ 12 c2
Event: 2.199 Thread 0x00000079269df000 DEOPT PACKING pc=0x0000007918f573ec sp=0x0000007928bae770
Event: 2.199 Thread 0x00000079269df000 DEOPT UNPACKING pc=0x000000791145912f sp=0x0000007928bae690 mode 2

Classes unloaded (0 events):
No events

Classes redefined (0 events):
No events

Internal exceptions (20 events):
Event: 0.763 Thread 0x0000007908c90800 Exception <a 'java/lang/NoSuchMethodError'{0x00000000c6946da8}: 'int java.lang.invoke.DirectMethodHandle$Holder.invokeSpecialIFC(java.lang.Object, java.lang.Object, int)'> (0x00000000c6946da8) 
thrown [./open/src/hotspot/share/interpreter/linkResolver.cpp, line 766]
Event: 0.788 Thread 0x0000007908c90800 Exception <a 'java/lang/NoSuchMethodError'{0x00000000c6974eb0}: 'int java.lang.invoke.DirectMethodHandle$Holder.invokeStaticInit(java.lang.Object, java.lang.Object, java.lang.Object, java.lang.Object)'> (0x00000000c6974eb0) 
thrown [./open/src/hotspot/share/interpreter/linkResolver.cpp, line 766]
Event: 0.789 Thread 0x0000007908c90800 Exception <a 'java/lang/IncompatibleClassChangeError'{0x00000000c697df08}: Found class java.lang.Object, but interface was expected> (0x00000000c697df08) 
thrown [./open/src/hotspot/share/interpreter/linkResolver.cpp, line 832]
Event: 0.790 Thread 0x0000007908c90800 Exception <a 'java/lang/NoSuchMethodError'{0x00000000c69810a0}: 'void java.lang.invoke.DirectMethodHandle$Holder.invokeStaticInit(java.lang.Object, java.lang.Object)'> (0x00000000c69810a0) 
thrown [./open/src/hotspot/share/interpreter/linkResolver.cpp, line 766]
Event: 0.792 Thread 0x0000007908c90800 Exception <a 'java/lang/NoSuchMethodError'{0x00000000c69869d8}: 'int java.lang.invoke.DirectMethodHandle$Holder.invokeStaticInit(java.lang.Object, java.lang.Object)'> (0x00000000c69869d8) 
thrown [./open/src/hotspot/share/interpreter/linkResolver.cpp, line 766]
Event: 1.010 Thread 0x0000007908c90800 Exception <a 'java/lang/NoSuchMethodError'{0x00000000c6503180}: 'java.lang.Object java.lang.invoke.DirectMethodHandle$Holder.invokeStaticInit(java.lang.Object, java.lang.Object, int, int, int, int)'> (0x00000000c6503180) 
thrown [./open/src/hotspot/share/interpreter/linkResolver.cpp, line 766]
Event: 1.270 Thread 0x0000007908c90800 Exception <a 'java/lang/NoSuchMethodError'{0x00000000c5f66410}: 'java.lang.Object java.lang.invoke.DirectMethodHandle$Holder.invokeVirtual(java.lang.Object, java.lang.Object, java.lang.Object)'> (0x00000000c5f66410) 
thrown [./open/src/hotspot/share/interpreter/linkResolver.cpp, line 766]
Event: 2.009 Thread 0x0000007908c90800 Exception <a 'java/net/SocketException'{0x00000000c65e6a98}: Socket is not connected: shutdown> (0x00000000c65e6a98) 
thrown [./open/src/hotspot/share/prims/jni.cpp, line 620]
Event: 2.183 Thread 0x00000079269de000 Exception <a 'java/lang/NoSuchMethodError'{0x00000000c600d640}: 'void java.lang.invoke.DirectMethodHandle$Holder.invokeStatic(java.lang.Object, long)'> (0x00000000c600d640) 
thrown [./open/src/hotspot/share/interpreter/linkResolver.cpp, line 766]
Event: 2.188 Thread 0x00000079269de000 Exception <a 'java/lang/NoSuchMethodError'{0x00000000c6017cb0}: 'java.lang.Object java.lang.invoke.DirectMethodHandle$Holder.invokeStaticInit(java.lang.Object, java.lang.Object, long, java.lang.Object)'> (0x00000000c6017cb0) 
thrown [./open/src/hotspot/share/interpreter/linkResolver.cpp, line 766]
Event: 2.189 Thread 0x00000079269de000 Exception <a 'java/lang/NoSuchMethodError'{0x00000000c601d818}: 'java.lang.Object java.lang.invoke.Invokers$Holder.linkToTargetMethod(java.lang.Object, long, java.lang.Object)'> (0x00000000c601d818) 
thrown [./open/src/hotspot/share/interpreter/linkResolver.cpp, line 766]
Event: 2.700 Thread 0x00000079269df000 Exception <a 'java/net/SocketException'{0x00000000c6040430}: Socket is not connected: shutdown> (0x00000000c6040430) 
thrown [./open/src/hotspot/share/prims/jni.cpp, line 620]
Event: 2.741 Thread 0x0000007908c90800 Exception <a 'java/lang/NoSuchMethodError'{0x00000000c5f510a8}: 'java.lang.Object java.lang.invoke.DirectMethodHandle$Holder.invokeInterface(java.lang.Object, java.lang.Object, java.lang.Object)'> (0x00000000c5f510a8) 
thrown [./open/src/hotspot/share/interpreter/linkResolver.cpp, line 766]
Event: 2.742 Thread 0x0000007908c90800 Exception <a 'java/lang/IncompatibleClassChangeError'{0x00000000c5f53a60}: Found class java.lang.Object, but interface was expected> (0x00000000c5f53a60) 
thrown [./open/src/hotspot/share/interpreter/linkResolver.cpp, line 832]
Event: 2.745 Thread 0x0000007908c90800 Exception <a 'java/lang/NoSuchMethodError'{0x00000000c5f5b5e0}: 'int java.lang.invoke.DirectMethodHandle$Holder.invokeSpecialIFC(java.lang.Object, java.lang.Object, java.lang.Object, java.lang.Object)'> (0x00000000c5f5b5e0) 
thrown [./open/src/hotspot/share/interpreter/linkResolver.cpp, line 766]
Event: 2.747 Thread 0x0000007908c90800 Exception <a 'java/lang/NoSuchMethodError'{0x00000000c5f632c0}: 'java.lang.Object java.lang.invoke.DirectMethodHandle$Holder.invokeInterface(java.lang.Object, java.lang.Object, java.lang.Object, java.lang.Object)'> (0x00000000c5f632c0) 
thrown [./open/src/hotspot/share/interpreter/linkResolver.cpp, line 766]
Event: 2.812 Thread 0x0000007908c90800 Exception <a 'java/lang/NoSuchMethodError'{0x00000000c5e56510}: 'int java.lang.invoke.DirectMethodHandle$Holder.invokeVirtual(java.lang.Object, java.lang.Object)'> (0x00000000c5e56510) 
thrown [./open/src/hotspot/share/interpreter/linkResolver.cpp, line 766]
Event: 2.817 Thread 0x0000007908c90800 Exception <a 'java/lang/NoSuchMethodError'{0x00000000c5e5b800}: 'double java.lang.invoke.DirectMethodHandle$Holder.invokeVirtual(java.lang.Object, java.lang.Object)'> (0x00000000c5e5b800) 
thrown [./open/src/hotspot/share/interpreter/linkResolver.cpp, line 766]
Event: 2.818 Thread 0x0000007908c90800 Exception <a 'java/lang/NoSuchMethodError'{0x00000000c5e60d18}: 'float java.lang.invoke.DirectMethodHandle$Holder.invokeVirtual(java.lang.Object, java.lang.Object)'> (0x00000000c5e60d18) 
thrown [./open/src/hotspot/share/interpreter/linkResolver.cpp, line 766]
Event: 2.820 Thread 0x0000007908c90800 Exception <a 'java/lang/NoSuchMethodError'{0x00000000c5e684f8}: 'long java.lang.invoke.DirectMethodHandle$Holder.invokeVirtual(java.lang.Object, java.lang.Object)'> (0x00000000c5e684f8) 
thrown [./open/src/hotspot/share/interpreter/linkResolver.cpp, line 766]

Events (20 events):
Event: 2.793 loading class sun/reflect/generics/tree/ClassSignature
Event: 2.793 loading class sun/reflect/generics/tree/Signature
Event: 2.793 loading class sun/reflect/generics/tree/Signature done
Event: 2.793 loading class sun/reflect/generics/tree/ClassSignature done
Event: 2.794 loading class sun/reflect/generics/visitor/Reifier
Event: 2.794 loading class sun/reflect/generics/visitor/TypeTreeVisitor
Event: 2.794 loading class sun/reflect/generics/visitor/TypeTreeVisitor done
Event: 2.795 loading class sun/reflect/generics/visitor/Reifier done
Event: 2.795 loading class sun/reflect/generics/reflectiveObjects/ParameterizedTypeImpl
Event: 2.795 loading class java/lang/reflect/ParameterizedType
Event: 2.795 loading class java/lang/reflect/ParameterizedType done
Event: 2.795 loading class sun/reflect/generics/reflectiveObjects/ParameterizedTypeImpl done
Event: 2.803 loading class java/lang/reflect/TypeVariable
Event: 2.803 loading class java/lang/reflect/TypeVariable done
Event: 2.803 loading class sun/reflect/generics/reflectiveObjects/TypeVariableImpl
Event: 2.803 loading class sun/reflect/generics/reflectiveObjects/LazyReflectiveObjectGenerator
Event: 2.803 loading class sun/reflect/generics/reflectiveObjects/LazyReflectiveObjectGenerator done
Event: 2.803 loading class sun/reflect/generics/reflectiveObjects/TypeVariableImpl done
Event: 2.804 loading class sun/reflect/generics/tree/TypeVariableSignature
Event: 2.804 loading class sun/reflect/generics/tree/TypeVariableSignature done


Dynamic libraries:
0x000007f7032e0000 - 0x000007f7032ef000 	C:\Program Files\Java\jdk-14.0.2\bin\javaw.exe
0x000007fccaab0000 - 0x000007fccac6d000 	C:\Windows\SYSTEM32\ntdll.dll
0x000007fcc9e00000 - 0x000007fcc9f37000 	C:\Windows\system32\KERNEL32.DLL
0x000007fcc7c00000 - 0x000007fcc7cf4000 	C:\Windows\system32\KERNELBASE.dll
0x000007fcba360000 - 0x000007fcba378000 	C:\Program Files\Java\jdk-14.0.2\bin\jli.dll
0x000007fcba340000 - 0x000007fcba355000 	C:\Program Files\Java\jdk-14.0.2\bin\VCRUNTIME140.dll
0x000007fcbb7c0000 - 0x000007fcbb7c4000 	C:\Program Files\Java\jdk-14.0.2\bin\api-ms-win-crt-stdio-l1-1-0.dll
0x000007fcba330000 - 0x000007fcba334000 	C:\Program Files\Java\jdk-14.0.2\bin\api-ms-win-crt-runtime-l1-1-0.dll
0x000007fcba320000 - 0x000007fcba323000 	C:\Program Files\Java\jdk-14.0.2\bin\api-ms-win-crt-environment-l1-1-0.dll
0x000007fcb9f50000 - 0x000007fcb9f55000 	C:\Program Files\Java\jdk-14.0.2\bin\api-ms-win-crt-math-l1-1-0.dll
0x000007fcb9f40000 - 0x000007fcb9f43000 	C:\Program Files\Java\jdk-14.0.2\bin\api-ms-win-crt-locale-l1-1-0.dll
0x000007fcb9f30000 - 0x000007fcb9f33000 	C:\Program Files\Java\jdk-14.0.2\bin\api-ms-win-crt-heap-l1-1-0.dll
0x000007fcca120000 - 0x000007fcca1fe000 	C:\Windows\system32\ADVAPI32.dll
0x000007fcc5860000 - 0x000007fcc5aca000 	C:\Windows\WinSxS\amd64_microsoft.windows.common-controls_6595b64144ccf1df_6.0.9200.17359_none_4188b989718cf1c6\COMCTL32.dll
0x000007fcc8160000 - 0x000007fcc82ac000 	C:\Windows\system32\USER32.dll
0x000007fcc3350000 - 0x000007fcc3359000 	C:\Windows\SYSTEM32\VERSION.dll
0x000007fcb9f20000 - 0x000007fcb9f23000 	C:\Program Files\Java\jdk-14.0.2\bin\api-ms-win-crt-filesystem-l1-1-0.dll
0x000007fcb9f10000 - 0x000007fcb9f14000 	C:\Program Files\Java\jdk-14.0.2\bin\api-ms-win-crt-string-l1-1-0.dll
0x000007fcb9f00000 - 0x000007fcb9f04000 	C:\Program Files\Java\jdk-14.0.2\bin\api-ms-win-crt-convert-l1-1-0.dll
0x000007fccaa00000 - 0x000007fccaaa5000 	C:\Windows\system32\msvcrt.dll
0x000007fcca0b0000 - 0x000007fcca0f8000 	C:\Windows\SYSTEM32\sechost.dll
0x000007fcc9a80000 - 0x000007fcc9bc5000 	C:\Windows\system32\RPCRT4.dll
0x000007fcc8570000 - 0x000007fcc86b1000 	C:\Windows\system32\GDI32.dll
0x000007fcb9e00000 - 0x000007fcb9efc000 	C:\Program Files\Java\jdk-14.0.2\bin\ucrtbase.DLL
0x000007fcca890000 - 0x000007fcca8c9000 	C:\Windows\system32\IMM32.DLL
0x000007fcca8d0000 - 0x000007fcca9e5000 	C:\Windows\system32\MSCTF.dll
0x000007fcb9b00000 - 0x000007fcb9b9b000 	C:\Program Files\Java\jdk-14.0.2\bin\msvcp140.dll
0x000007fcb9df0000 - 0x000007fcb9df3000 	C:\Program Files\Java\jdk-14.0.2\bin\api-ms-win-crt-time-l1-1-0.dll
0x000007fcb9be0000 - 0x000007fcb9be3000 	C:\Program Files\Java\jdk-14.0.2\bin\api-ms-win-crt-utility-l1-1-0.dll
0x000007fc9c820000 - 0x000007fc9d33e000 	C:\Program Files\Java\jdk-14.0.2\bin\server\jvm.dll
0x000007fcc0540000 - 0x000007fcc0549000 	C:\Windows\SYSTEM32\WSOCK32.dll
0x000007fcc3330000 - 0x000007fcc3350000 	C:\Windows\SYSTEM32\WINMM.dll
0x000007fcca6d0000 - 0x000007fcca6d7000 	C:\Windows\system32\PSAPI.DLL
0x000007fcc8450000 - 0x000007fcc84a8000 	C:\Windows\system32\WS2_32.dll
0x000007fcc32c0000 - 0x000007fcc32f3000 	C:\Windows\SYSTEM32\WINMMBASE.dll
0x000007fcca9f0000 - 0x000007fcca9f9000 	C:\Windows\system32\NSI.dll
0x000007fcc7e30000 - 0x000007fcc7e7f000 	C:\Windows\SYSTEM32\cfgmgr32.dll
0x000007fcc79f0000 - 0x000007fcc7a12000 	C:\Windows\system32\DEVOBJ.dll
0x000007fca2190000 - 0x000007fca219a000 	C:\Program Files\Java\jdk-14.0.2\bin\jimage.dll
0x000007fcbc8d0000 - 0x000007fcbca33000 	C:\Windows\SYSTEM32\DBGHELP.DLL
0x000007fca2120000 - 0x000007fca2145000 	C:\Program Files\Java\jdk-14.0.2\bin\java.dll
0x000007fca2100000 - 0x000007fca2116000 	C:\Program Files\Java\jdk-14.0.2\bin\zip.dll
0x000007fcc8730000 - 0x000007fcc9a15000 	C:\Windows\system32\SHELL32.dll
0x000007fcca6e0000 - 0x000007fcca890000 	C:\Windows\SYSTEM32\combase.dll
0x000007fcc7e80000 - 0x000007fcc7ed0000 	C:\Windows\system32\SHLWAPI.dll
0x000007fcc6b00000 - 0x000007fcc6b96000 	C:\Windows\SYSTEM32\SHCORE.dll
0x000007fcc79b0000 - 0x000007fcc79c5000 	C:\Windows\system32\profapi.dll
0x000007fca9550000 - 0x000007fca9560000 	C:\Program Files\Java\jdk-14.0.2\bin\verify.dll
0x000007fca20e0000 - 0x000007fca20f9000 	C:\Program Files\Java\jdk-14.0.2\bin\net.dll
0x000007fcc0bd0000 - 0x000007fcc0c81000 	C:\Windows\SYSTEM32\WINHTTP.dll
0x000007fcc7170000 - 0x000007fcc71cc000 	C:\Windows\system32\mswsock.dll
0x000007fca20a0000 - 0x000007fca20b2000 	C:\Program Files\Java\jdk-14.0.2\bin\nio.dll
0x000007fc9f190000 - 0x000007fc9f1b5000 	C:\Program Files\Java\jdk-14.0.2\bin\sunec.dll
0x000007fcc71d0000 - 0x000007fcc71ea000 	C:\Windows\SYSTEM32\CRYPTSP.dll
0x000007fcc6e70000 - 0x000007fcc6ebb000 	C:\Windows\system32\rsaenh.dll
0x000007fcc7d60000 - 0x000007fcc7d7f000 	C:\Windows\system32\USERENV.dll
0x000007fcc7760000 - 0x000007fcc776a000 	C:\Windows\SYSTEM32\CRYPTBASE.dll
0x000007fcc7700000 - 0x000007fcc775d000 	C:\Windows\SYSTEM32\bcryptPrimitives.dll
0x000007fcc45c0000 - 0x000007fcc45ea000 	C:\Windows\SYSTEM32\IPHLPAPI.DLL
0x000007fcc45a0000 - 0x000007fcc45aa000 	C:\Windows\SYSTEM32\WINNSI.DLL
0x000007fcc3660000 - 0x000007fcc3673000 	C:\Windows\SYSTEM32\dhcpcsvc6.DLL
0x000007fcc3980000 - 0x000007fcc3998000 	C:\Windows\SYSTEM32\dhcpcsvc.DLL
0x000007fcc6fb0000 - 0x000007fcc704c000 	C:\Windows\SYSTEM32\DNSAPI.dll
0x0000000063560000 - 0x0000000063569000 	C:\Program Files\National Instruments\Shared\mDNS Responder\nimdnsNSP.dll
0x0000000063550000 - 0x000000006355e000 	C:\Windows\SYSTEM32\nimdnsResponder.dll
0x0000000057670000 - 0x0000000057713000 	C:\Windows\WinSxS\amd64_microsoft.vc90.crt_1fc8b3b9a1e18e3b_9.0.30729.6871_none_08e717a5a83adddf\MSVCR90.dll
0x000007fcc3d90000 - 0x000007fcc3d98000 	C:\Windows\System32\rasadhlp.dll
0x000007fcc4300000 - 0x000007fcc4361000 	C:\Windows\System32\fwpuclnt.dll
0x000007fcbb6d0000 - 0x000007fcbb6de000 	C:\Program Files\Java\jdk-14.0.2\bin\sunmscapi.dll
0x000007fcc7a20000 - 0x000007fcc7bf1000 	C:\Windows\system32\CRYPT32.dll
0x000007fcc73a0000 - 0x000007fcc73c5000 	C:\Windows\SYSTEM32\ncrypt.dll
0x000007fcc79d0000 - 0x000007fcc79e6000 	C:\Windows\system32\MSASN1.dll
0x000007fcc73d0000 - 0x000007fcc73f5000 	C:\Windows\SYSTEM32\bcrypt.dll
0x000007fcc7360000 - 0x000007fcc7395000 	C:\Windows\SYSTEM32\NTASN1.dll

dbghelp: loaded successfully - version: 4.0.5 - missing functions: none
symbol engine: initialized successfully - sym options: 0x614 - pdb path: .;C:\Program Files\Java\jdk-14.0.2\bin;C:\Windows\SYSTEM32;C:\Windows\WinSxS\amd64_microsoft.windows.common-controls_6595b64144ccf1df_6.0.9200.17359_none_4188b989718cf1c6;C:\Program Files\Java\jdk-14.0.2\bin\server;C:\Program Files\National Instruments\Shared\mDNS Responder;C:\Windows\WinSxS\amd64_microsoft.vc90.crt_1fc8b3b9a1e18e3b_9.0.30729.6871_none_08e717a5a83adddf

VM Arguments:
jvm_args: -Dfile.encoding=UTF-8 -XX:+ShowCodeDetailsInExceptionMessages 
java_command: seleniumbasic.AlretDemo1
java_class_path (initial): C:\Users\acer\eclipse-workspace\selenium1\target\classes;C:\Users\acer\.m2\repository\org\seleniumhq\selenium\selenium-java\3.141.59\selenium-java-3.141.59.jar;C:\Users\acer\.m2\repository\org\seleniumhq\selenium\selenium-api\3.141.59\selenium-api-3.141.59.jar;C:\Users\acer\.m2\repository\org\seleniumhq\selenium\selenium-chrome-driver\3.141.59\selenium-chrome-driver-3.141.59.jar;C:\Users\acer\.m2\repository\org\seleniumhq\selenium\selenium-edge-driver\3.141.59\selenium-edge-driver-3.141.59.jar;C:\Users\acer\.m2\repository\org\seleniumhq\selenium\selenium-firefox-driver\3.141.59\selenium-firefox-driver-3.141.59.jar;C:\Users\acer\.m2\repository\org\seleniumhq\selenium\selenium-ie-driver\3.141.59\selenium-ie-driver-3.141.59.jar;C:\Users\acer\.m2\repository\org\seleniumhq\selenium\selenium-opera-driver\3.141.59\selenium-opera-driver-3.141.59.jar;C:\Users\acer\.m2\repository\org\seleniumhq\selenium\selenium-remote-driver\3.141.59\selenium-remote-driver-3.141.59.jar;C:\Users\acer\.m2\repository\org\seleniumhq\selenium\selenium-safari-driver\3.141.59\selenium-safari-driver-3.141.59.jar;C:\Users\acer\.m2\repository\org\seleniumhq\selenium\selenium-support\3.141.59\selenium-support-3.141.59.jar;C:\Users\acer\.m2\repository\net\bytebuddy\byte-buddy\1.8.15\byte-buddy-1.8.15.jar;C:\Users\acer\.m2\repository\org\apache\commons\commons-exec\1.3\commons-exec-1.3.jar;C:\Users\acer\.m2\repository\com\google\guava\guava\25.0-jre\guava-25.0-jre.jar;C:\Users\acer\.m2\repository\com\google\code\findbugs\jsr305\1.3.9\jsr305-1.3.9.jar;C:\Users\acer\.m2\repository\org\checkerframework\checker-compat-qual\2.0.0\checker-compat-qual-2.0.0.jar;C:\Users\acer\.m2\repository\com\google\errorprone\error_prone_annotations\2.1.3\error_prone_annotations-2.1.3.jar;C:\Users\acer\.m2\repository\com\google\j2objc\j2objc-annotations\1.1\j2objc-annotations-1.1.jar;C:\Users\acer\.m2\repository\org\codehaus\mojo\animal-sniffer-annotations\1.14\animal-sniffer-annotations-1.14.jar;
Launcher Type: SUN_STANDARD

[Global flags]
     intx CICompilerCount                          = 3                                         {product} {ergonomic}
     uint ConcGCThreads                            = 1                                         {product} {ergonomic}
     uint G1ConcRefinementThreads                  = 4                                         {product} {ergonomic}
   size_t G1HeapRegionSize                         = 1048576                                   {product} {ergonomic}
    uintx GCDrainStackTargetSize                   = 64                                        {product} {ergonomic}
   size_t InitialHeapSize                          = 65011712                                  {product} {ergonomic}
   size_t MarkStackSize                            = 4194304                                   {product} {ergonomic}
   size_t MaxHeapSize                              = 1025507328                                {product} {ergonomic}
   size_t MaxNewSize                               = 614465536                                 {product} {ergonomic}
   size_t MinHeapDeltaBytes                        = 1048576                                   {product} {ergonomic}
   size_t MinHeapSize                              = 8388608                                   {product} {ergonomic}
    uintx NonNMethodCodeHeapSize                   = 5832780                                {pd product} {ergonomic}
    uintx NonProfiledCodeHeapSize                  = 122912730                              {pd product} {ergonomic}
    uintx ProfiledCodeHeapSize                     = 122912730                              {pd product} {ergonomic}
    uintx ReservedCodeCacheSize                    = 251658240                              {pd product} {ergonomic}
     bool SegmentedCodeCache                       = true                                      {product} {ergonomic}
     bool ShowCodeDetailsInExceptionMessages       = true                                   {manageable} {command line}
   size_t SoftMaxHeapSize                          = 1025507328                             {manageable} {ergonomic}
     bool UseCompressedClassPointers               = true                                 {lp64_product} {ergonomic}
     bool UseCompressedOops                        = true                                 {lp64_product} {ergonomic}
     bool UseG1GC                                  = true                                      {product} {ergonomic}
     bool UseLargePagesIndividualAllocation        = false                                  {pd product} {ergonomic}

Logging:
Log output configuration:
 #0: stdout all=warning uptime,level,tags
 #1: stderr all=off uptime,level,tags

Environment Variables:
JAVA_HOME=C:\Program Files\Java\jre1.8.0_291\bin
PATH=C:/Program Files/Java/jdk-14.0.2/bin/server;C:/Program Files/Java/jdk-14.0.2/bin;C:\Program Files\Java\jre1.8.0_291\bin;C:\Program Files\Java\jdk1.8.0_291\bin;C:\Users\acer\Desktop;
USERNAME=acer
OS=Windows_NT
PROCESSOR_IDENTIFIER=Intel64 Family 6 Model 42 Stepping 7, GenuineIntel



---------------  S Y S T E M  ---------------

OS: Windows 8 , 64 bit Build 9200 (6.2.9200.16859)
OS uptime: 3 days 9:07 hours

CPU:total 4 (initial active 4) (2 cores per cpu, 2 threads per core) family 6 model 42 stepping 7, cmov, cx8, fxsr, mmx, sse, sse2, sse3, ssse3, sse4.1, sse4.2, popcnt, avx, clmul, ht, tsc, tscinvbit

Memory: 4k page, system-wide physical 3909M (192M free)
TotalPageFile size 15685M (AvailPageFile size 29M)
current process WorkingSet (physical memory assigned to process): 77M, peak: 81M
current process commit charge ("private bytes"): 129M, peak: 160M

vm_info: Java HotSpot(TM) 64-Bit Server VM (14.0.2+12-46) for windows-amd64 JRE (14.0.2+12-46), built on Jul  9 2020 00:35:52 by "mach5one" with MS VC++ 15.9 (VS2017)

END.
